TN:
SF:app.js
FN:17,(anonymous_0)
FN:30,getTodos
FN:37,saveTodos
FN:42,(anonymous_3)
FN:47,(anonymous_4)
FN:54,(anonymous_5)
FN:61,(anonymous_6)
FN:68,(anonymous_7)
FN:75,(anonymous_8)
FN:77,(anonymous_9)
FN:85,(anonymous_10)
FNF:11
FNH:9
FNDA:0,(anonymous_0)
FNDA:9,getTodos
FNDA:8,saveTodos
FNDA:1,(anonymous_3)
FNDA:4,(anonymous_4)
FNDA:1,(anonymous_5)
FNDA:1,(anonymous_6)
FNDA:1,(anonymous_7)
FNDA:1,(anonymous_8)
FNDA:7,(anonymous_9)
FNDA:0,(anonymous_10)
DA:1,1
DA:2,1
DA:3,1
DA:4,1
DA:7,1
DA:9,1
DA:10,1
DA:14,1
DA:17,1
DA:18,0
DA:19,0
DA:23,1
DA:24,1
DA:25,1
DA:27,1
DA:31,9
DA:32,0
DA:34,9
DA:38,8
DA:42,1
DA:43,1
DA:44,1
DA:47,1
DA:48,4
DA:49,4
DA:50,4
DA:51,4
DA:54,1
DA:55,1
DA:56,1
DA:57,1
DA:58,1
DA:61,1
DA:62,1
DA:63,1
DA:64,1
DA:65,1
DA:68,1
DA:69,1
DA:70,1
DA:71,1
DA:72,1
DA:75,1
DA:76,1
DA:77,7
DA:78,1
DA:79,1
DA:84,1
DA:85,0
DA:86,0
DA:91,1
LF:51
LH:46
BRDA:31,0,0,0
BRDA:31,0,1,9
BRDA:84,1,0,0
BRDA:84,1,1,1
BRF:4
BRH:2
end_of_record
